<?xml version="1.0" encoding="UTF-8"?>
<!-- Generated by org.testng.reporters.JUnitReportReporter -->
<testsuite hostname="DESKTOP-DE53235" failures="0" tests="4" name="org03.runner.TestRunner" time="26.025" errors="0" timestamp="2025-02-04T16:58:15 IST" skipped="0">
  <testcase classname="org03.runner.TestRunner" name="runScenario" time="7.984"/>
  <system-out/>
  <testcase classname="org03.runner.TestRunner" name="runScenario" time="12.365"/>
  <system-out/>
  <testcase classname="org03.runner.TestRunner" name="runScenario" time="1.670"/>
  <system-out/>
  <testcase classname="org03.runner.TestRunner" name="runScenario" time="4.006"/>
  <system-out/>
</testsuite> <!-- org03.runner.TestRunner -->
