<?xml version="1.0" encoding="UTF-8"?>
<!-- Generated by org.testng.reporters.JUnitReportReporter -->
<testsuite hostname="DESKTOP-DE53235" failures="0" tests="4" name="org20.advanceTestNG.Parameterization" time="35.744" errors="0" timestamp="2024-12-26T23:39:56 IST" skipped="0">
  <testcase classname="org20.advanceTestNG.Parameterization" name="testCaseOne" time="0.020"/>
  <system-out/>
  <testcase classname="org20.advanceTestNG.Parameterization" name="testCaseThree" time="0.009"/>
  <system-out/>
  <testcase classname="org20.advanceTestNG.Parameterization" name="testLogInOfVtiger" time="35.702"/>
  <system-out/>
  <testcase classname="org20.advanceTestNG.Parameterization" name="testCaseTwo" time="0.013"/>
  <system-out/>
</testsuite> <!-- org20.advanceTestNG.Parameterization -->
