<?xml version="1.0" encoding="UTF-8"?>
<!-- Generated by org.testng.reporters.JUnitReportReporter -->
<testsuite hostname="DESKTOP-DE53235" failures="0" tests="2" name="org23.extentReports.GetScreenshots" time="53.576" errors="0" timestamp="2024-12-30T15:03:32 IST" skipped="0">
  <testcase classname="org23.extentReports.GetScreenshots" name="testGoogle" time="26.034"/>
  <system-out/>
  <testcase classname="org23.extentReports.GetScreenshots" name="actiTimeScreenShots" time="27.542"/>
  <system-out/>
</testsuite> <!-- org23.extentReports.GetScreenshots -->
