<?xml version="1.0" encoding="UTF-8"?>
<!-- Generated by org.testng.reporters.JUnitReportReporter -->
<testsuite hostname="DESKTOP-DE53235" failures="0" tests="1" name="org23.extentReports.ExtentDemo" time="14.308" errors="0" timestamp="2024-12-27T16:28:59 IST" skipped="0">
  <testcase classname="org23.extentReports.ExtentDemo" name="extentReportsDemo" time="14.308"/>
  <system-out/>
</testsuite> <!-- org23.extentReports.ExtentDemo -->
