<?xml version="1.0" encoding="UTF-8"?>
<!-- Generated by org.testng.reporters.JUnitReportReporter -->
<testsuite hostname="DESKTOP-DE53235" failures="0" tests="5" name="org20.advanceTestNG.GroupExample2" time="0.009" errors="0" timestamp="2024-12-26T23:12:31 IST" skipped="0">
  <testcase classname="org20.advanceTestNG.GroupExample2" name="testLogIn" time="0.003"/>
  <system-out/>
  <testcase classname="org20.advanceTestNG.GroupExample2" name="testPIM" time="0.001"/>
  <system-out/>
  <testcase classname="org20.advanceTestNG.GroupExample2" name="testLeads" time="0.002"/>
  <system-out/>
  <testcase classname="org20.advanceTestNG.GroupExample2" name="testSignIn" time="0.002"/>
  <system-out/>
  <testcase classname="org20.advanceTestNG.GroupExample2" name="testTask" time="0.001"/>
  <system-out/>
</testsuite> <!-- org20.advanceTestNG.GroupExample2 -->
