<?xml version="1.0" encoding="UTF-8"?>
<!-- Generated by org.testng.reporters.JUnitReportReporter -->
<testsuite hostname="DESKTOP-DE53235" failures="0" tests="4" name="org16.testNG1.Example2" time="0.014" errors="0" timestamp="2024-12-26T19:08:10 IST" skipped="0">
  <testcase classname="org16.testNG1.Example2" name="testCase3" time="0.003"/>
  <system-out/>
  <testcase classname="org16.testNG1.Example2" name="testCase1" time="0.003"/>
  <system-out/>
  <testcase classname="org16.testNG1.Example2" name="testCase2" time="0.004"/>
  <system-out/>
  <testcase classname="org16.testNG1.Example2" name="testCase4" time="0.004"/>
  <system-out/>
</testsuite> <!-- org16.testNG1.Example2 -->
