<?xml version="1.0" encoding="UTF-8"?>
<!-- Generated by org.testng.reporters.JUnitReportReporter -->
<testsuite hostname="DESKTOP-DE53235" failures="0" tests="3" name="org20.advanceTestNG.IncludeAndExclude" time="0.030" errors="0" timestamp="2024-12-26T23:12:31 IST" skipped="0">
  <testcase classname="org20.advanceTestNG.IncludeAndExclude" name="addLocationTestCase" time="0.004"/>
  <system-out/>
  <testcase classname="org20.advanceTestNG.IncludeAndExclude" name="addEmployeeTestCase" time="0.002"/>
  <system-out/>
  <testcase classname="org20.advanceTestNG.IncludeAndExclude" name="addDepartmentTestCase" time="0.024"/>
  <system-out/>
</testsuite> <!-- org20.advanceTestNG.IncludeAndExclude -->
