<?xml version="1.0" encoding="UTF-8"?>
<!-- Generated by org.testng.reporters.JUnitReportReporter -->
<testsuite hostname="DESKTOP-DE53235" failures="0" tests="1" name="org20.advanceTestNG.DataProviderExample2" time="0.000" errors="1" timestamp="2024-12-26T23:12:31 IST" skipped="0">
  <testcase classname="org20.advanceTestNG.DataProviderExample2" name="testGoogleSearch" time="0.000">
    <error message="
Method public void org20.advanceTestNG.DataProviderExample2.testGoogleSearch(java.lang.String) requires a @DataProvider named : getTextforSearch" type="org.testng.TestNGException">
      <![CDATA[org.testng.TestNGException: 
Method public void org20.advanceTestNG.DataProviderExample2.testGoogleSearch(java.lang.String) requires a @DataProvider named : getTextforSearch
at org.testng.internal.Parameters.findDataProvider(Parameters.java:561)
at org.testng.internal.Parameters.handleParameters(Parameters.java:772)
at org.testng.internal.Parameters.handleParameters(Parameters.java:740)
at org.testng.internal.ParameterHandler.handleParameters(ParameterHandler.java:59)
at org.testng.internal.ParameterHandler.createParameters(ParameterHandler.java:38)
at org.testng.internal.TestInvoker$MethodInvocationAgent.invoke(TestInvoker.java:791)
at org.testng.internal.TestInvoker.invokeTestMethods(TestInvoker.java:146)
at org.testng.internal.TestMethodWorker.invokeTestMethods(TestMethodWorker.java:146)
at org.testng.internal.TestMethodWorker.run(TestMethodWorker.java:128)
at java.base/java.util.concurrent.ThreadPoolExecutor.runWorker(ThreadPoolExecutor.java:1144)
at java.base/java.util.concurrent.ThreadPoolExecutor$Worker.run(ThreadPoolExecutor.java:642)
at java.base/java.lang.Thread.run(Thread.java:1583)
]]>
    </error>
  </testcase> <!-- testGoogleSearch -->
  <system-out/>
</testsuite> <!-- org20.advanceTestNG.DataProviderExample2 -->
