<?xml version="1.0" encoding="UTF-8"?>
<!-- Generated by org.testng.reporters.JUnitReportReporter -->
<testsuite hostname="DESKTOP-DE53235" failures="0" tests="3" name="org24.DataDrivenTesting.ExcelOperations" time="2.329" errors="0" timestamp="2024-12-31T17:34:50 IST" skipped="0">
  <testcase classname="org24.DataDrivenTesting.ExcelOperations" name="performOperationOnSheet" time="1.996"/>
  <system-out/>
  <testcase classname="org24.DataDrivenTesting.ExcelOperations" name="performOperationOmRow" time="0.177"/>
  <system-out/>
  <testcase classname="org24.DataDrivenTesting.ExcelOperations" name="performOperationOnCell" time="0.156"/>
  <system-out/>
</testsuite> <!-- org24.DataDrivenTesting.ExcelOperations -->
