<?xml version="1.0" encoding="UTF-8"?>
<!-- Generated by org.testng.reporters.JUnitReportReporter -->
<testsuite hostname="DESKTOP-DE53235" failures="0" tests="1" name="org16.testNG1.Example1" time="0.024" errors="0" timestamp="2024-12-26T19:08:10 IST" skipped="0">
  <testcase classname="org16.testNG1.Example1" name="testCase1" time="0.024"/>
  <system-out/>
</testsuite> <!-- org16.testNG1.Example1 -->
