<?xml version="1.0" encoding="UTF-8"?>
<!-- Generated by org.testng.reporters.JUnitReportReporter -->
<testsuite hostname="DESKTOP-DE53235" failures="0" tests="5" name="org20.advanceTestNG.GroupExample1" time="0.007" errors="0" timestamp="2024-12-26T23:12:31 IST" skipped="0">
  <testcase classname="org20.advanceTestNG.GroupExample1" name="testCaseOne" time="0.001"/>
  <system-out/>
  <testcase classname="org20.advanceTestNG.GroupExample1" name="testCaseTwo" time="0.001"/>
  <system-out/>
  <testcase classname="org20.advanceTestNG.GroupExample1" name="testCaseFour" time="0.000"/>
  <system-out/>
  <testcase classname="org20.advanceTestNG.GroupExample1" name="testCaseThree" time="0.004"/>
  <system-out/>
  <testcase classname="org20.advanceTestNG.GroupExample1" name="testCaseFive" time="0.001"/>
  <system-out/>
</testsuite> <!-- org20.advanceTestNG.GroupExample1 -->
