<?xml version="1.0" encoding="UTF-8"?>
<!-- Generated by org.testng.reporters.JUnitReportReporter -->
<testsuite hostname="DESKTOP-DE53235" failures="0" tests="1" name="org24.DataDrivenTesting.Test2" time="3.132" errors="0" timestamp="2024-12-31T18:52:20 IST" skipped="0">
  <testcase classname="org24.DataDrivenTesting.Test2" name="testVtigerLogin" time="3.132"/>
  <system-out/>
</testsuite> <!-- org24.DataDrivenTesting.Test2 -->
