<?xml version="1.0" encoding="UTF-8"?>
<!-- Generated by org.testng.reporters.JUnitReportReporter -->
<testsuite hostname="DESKTOP-DE53235" failures="0" tests="2" name="org19.annotaionsBasics.AnnotationTesting" time="0.013" errors="0" timestamp="2024-12-24T10:36:08 IST" skipped="0">
  <testcase classname="org19.annotaionsBasics.AnnotationTesting" name="testCase2" time="0.003"/>
  <system-out/>
  <testcase classname="org19.annotaionsBasics.AnnotationTesting" name="TestCase1" time="0.010"/>
  <system-out/>
</testsuite> <!-- org19.annotaionsBasics.AnnotationTesting -->
