<?xml version="1.0" encoding="UTF-8"?>
<!-- Generated by org.testng.reporters.JUnitReportReporter -->
<testsuite hostname="DESKTOP-DE53235" failures="0" tests="3" name="org24.DataDrivenTesting.ExcelOps" time="1.215" errors="0" timestamp="2024-12-31T17:47:30 IST" skipped="0">
  <testcase classname="org24.DataDrivenTesting.ExcelOps" name="updateValue" time="0.160"/>
  <system-out/>
  <testcase classname="org24.DataDrivenTesting.ExcelOps" name="operationOnSheets" time="0.966"/>
  <system-out/>
  <testcase classname="org24.DataDrivenTesting.ExcelOps" name="rowWithDiffData" time="0.089"/>
  <system-out/>
</testsuite> <!-- org24.DataDrivenTesting.ExcelOps -->
