<?xml version="1.0" encoding="UTF-8"?>
<!-- Generated by org.testng.reporters.JUnitReportReporter -->
<testsuite hostname="DESKTOP-DE53235" failures="0" tests="6" name="org20.advanceTestNG.DataProviderExample" time="68.949" errors="0" timestamp="2024-12-26T23:12:31 IST" skipped="0">
  <testcase classname="org20.advanceTestNG.DataProviderExample" name="testLoginOfVtiger" time="27.748"/>
  <system-out/>
  <testcase classname="org20.advanceTestNG.DataProviderExample" name="getData" time="0.005"/>
  <system-out/>
  <testcase classname="org20.advanceTestNG.DataProviderExample" name="testLoginOfVtiger" time="14.865"/>
  <system-out/>
  <testcase classname="org20.advanceTestNG.DataProviderExample" name="getData" time="0.002"/>
  <system-out/>
  <testcase classname="org20.advanceTestNG.DataProviderExample" name="getData" time="0.015"/>
  <system-out/>
  <testcase classname="org20.advanceTestNG.DataProviderExample" name="testLoginOfVtiger" time="26.314"/>
  <system-out/>
</testsuite> <!-- org20.advanceTestNG.DataProviderExample -->
