<?xml version="1.0" encoding="UTF-8"?>
<!-- Generated by org.testng.reporters.JUnitReportReporter -->
<testsuite hostname="DESKTOP-DE53235" failures="0" tests="3" name="org25.pageObjectModel.OrangeHRMPIMTestScripts" time="30.895" errors="0" timestamp="2025-01-04T19:06:59 IST" skipped="0">
  <testcase classname="org25.pageObjectModel.OrangeHRMPIMTestScripts" name="testPimCreation" time="11.438"/>
  <system-out/>
  <testcase classname="org25.pageObjectModel.OrangeHRMPIMTestScripts" name="testPimDeletion" time="7.425"/>
  <system-out/>
  <testcase classname="org25.pageObjectModel.OrangeHRMPIMTestScripts" name="testPimEdit" time="12.032"/>
  <system-out/>
</testsuite> <!-- org25.pageObjectModel.OrangeHRMPIMTestScripts -->
