<?xml version="1.0" encoding="UTF-8"?>
<!-- Generated by org.testng.reporters.JUnitReportReporter -->
<testsuite hostname="DESKTOP-DE53235" failures="0" tests="3" name="org19.annotaionsBasics.OrangeHRMTestAndMethod" time="44.623" errors="0" timestamp="2024-12-24T17:00:21 IST" skipped="0">
  <testcase classname="org19.annotaionsBasics.OrangeHRMTestAndMethod" name="testPIMCreation" time="14.017"/>
  <system-out/>
  <testcase classname="org19.annotaionsBasics.OrangeHRMTestAndMethod" name="testPIMUpdate" time="15.553"/>
  <system-out/>
  <testcase classname="org19.annotaionsBasics.OrangeHRMTestAndMethod" name="testPIMDelete" time="15.053"/>
  <system-out/>
</testsuite> <!-- org19.annotaionsBasics.OrangeHRMTestAndMethod -->
