<?xml version="1.0" encoding="UTF-8"?>
<!-- Generated by org.testng.reporters.JUnitReportReporter -->
<testsuite hostname="DESKTOP-DE53235" failures="0" tests="3" name="org19.annotaionsBasics.OrangeHRMBAMethod" time="63.902" errors="0" timestamp="2024-12-24T17:11:19 IST" skipped="0">
  <testcase classname="org19.annotaionsBasics.OrangeHRMBAMethod" name="testPIMCreation" time="19.081"/>
  <system-out/>
  <testcase classname="org19.annotaionsBasics.OrangeHRMBAMethod" name="testPIMUpdate" time="22.477"/>
  <system-out/>
  <testcase classname="org19.annotaionsBasics.OrangeHRMBAMethod" name="testPIMDelete" time="22.344"/>
  <system-out/>
</testsuite> <!-- org19.annotaionsBasics.OrangeHRMBAMethod -->
