<?xml version="1.0" encoding="UTF-8"?>
<!-- Generated by org.testng.reporters.JUnitReportReporter -->
<testsuite hostname="DESKTOP-DE53235" failures="0" tests="4" name="org26.dateUtility.Example1" time="0.175" errors="0" timestamp="2025-01-06T16:56:02 IST" skipped="0">
  <testcase classname="org26.dateUtility.Example1" name="dateInPastAndFutureYear" time="0.012"/>
  <system-out/>
  <testcase classname="org26.dateUtility.Example1" name="testDate" time="0.051"/>
  <system-out/>
  <testcase classname="org26.dateUtility.Example1" name="dateInPastAndFutureDays" time="0.109"/>
  <system-out/>
  <testcase classname="org26.dateUtility.Example1" name="dateInPastAndFutureMonths" time="0.003"/>
  <system-out/>
</testsuite> <!-- org26.dateUtility.Example1 -->
