<?xml version="1.0" encoding="UTF-8"?>
<!-- Generated by org.testng.reporters.JUnitReportReporter -->
<testsuite hostname="DESKTOP-DE53235" failures="0" tests="2" name="org23.extentReports.GoogleTestReport" time="19.505" errors="0" timestamp="2024-12-30T14:57:42 IST" skipped="0">
  <testcase classname="org23.extentReports.GoogleTestReport" name="testActitimeLoginPage" time="13.722"/>
  <system-out/>
  <testcase classname="org23.extentReports.GoogleTestReport" name="testActitimeLoginLogout" time="5.783"/>
  <system-out/>
</testsuite> <!-- org23.extentReports.GoogleTestReport -->
