<?xml version="1.0" encoding="UTF-8"?>
<!-- Generated by org.testng.reporters.JUnitReportReporter -->
<testsuite hostname="DESKTOP-DE53235" failures="0" tests="2" name="org.testNGAssignments.Etrain" time="92.250" errors="0" timestamp="2024-12-24T00:36:29 IST" skipped="0">
  <testcase classname="org.testNGAssignments.Etrain" name="testEtrain1" time="76.005"/>
  <system-out/>
  <testcase classname="org.testNGAssignments.Etrain" name="testetrain2" time="16.245"/>
  <system-out/>
</testsuite> <!-- org.testNGAssignments.Etrain -->
