<?xml version="1.0" encoding="UTF-8"?>
<!-- Generated by org.testng.reporters.JUnitReportReporter -->
<testsuite hostname="DESKTOP-DE53235" failures="0" tests="1" name="org25.pageObjectModel.OrangeHRMLoginLogoutTestScripts" time="44.465" errors="0" timestamp="2025-01-02T11:06:45 IST" skipped="0">
  <testcase classname="org25.pageObjectModel.OrangeHRMLoginLogoutTestScripts" name="testLoginLogout" time="44.465"/>
  <system-out/>
</testsuite> <!-- org25.pageObjectModel.OrangeHRMLoginLogoutTestScripts -->
