<?xml version="1.0" encoding="UTF-8"?>
<!-- Generated by org.testng.reporters.JUnitReportReporter -->
<testsuite hostname="DESKTOP-DE53235" failures="0" tests="1" name="org24.DataDrivenTesting.NewTest1" time="0.691" errors="0" timestamp="2024-12-31T18:06:00 IST" skipped="0">
  <testcase classname="org24.DataDrivenTesting.NewTest1" name="testActitimeLogin" time="0.691"/>
  <system-out/>
</testsuite> <!-- org24.DataDrivenTesting.NewTest1 -->
