<?xml version="1.0" encoding="UTF-8"?>
<!-- Generated by org.testng.reporters.JUnitReportReporter -->
<testsuite hostname="DESKTOP-DE53235" failures="0" tests="1" name="org23.extentReports.ActiTimeLoginValidation" time="13.940" errors="0" timestamp="2024-12-30T15:00:31 IST" skipped="0">
  <testcase classname="org23.extentReports.ActiTimeLoginValidation" name="testActitimeLogin" time="13.940"/>
  <system-out/>
</testsuite> <!-- org23.extentReports.ActiTimeLoginValidation -->
