<?xml version="1.0" encoding="UTF-8"?>
<!-- Generated by org.testng.reporters.JUnitReportReporter -->
<testsuite hostname="DESKTOP-DE53235" failures="0" tests="2" name="org25.pageObjectModel.GoogleSearchTestScripts" time="3.126" errors="0" timestamp="2025-01-04T16:07:04 IST" skipped="0">
  <testcase classname="org25.pageObjectModel.GoogleSearchTestScripts" name="validateSuggestionCount" time="0.515"/>
  <system-out/>
  <testcase classname="org25.pageObjectModel.GoogleSearchTestScripts" name="validateSeletedSuggestionIsDisplayed" time="2.611"/>
  <system-out/>
</testsuite> <!-- org25.pageObjectModel.GoogleSearchTestScripts -->
