<?xml version="1.0" encoding="UTF-8"?>
<!-- Generated by org.testng.reporters.JUnitReportReporter -->
<testsuite hostname="DESKTOP-DE53235" failures="0" tests="3" name="org.testNGAssignments.OrangeHRMTestCase" time="42.693" errors="0" timestamp="2024-12-23T23:00:56 IST" skipped="0">
  <testcase classname="org.testNGAssignments.OrangeHRMTestCase" name="testPIMCreation" time="21.756"/>
  <system-out/>
  <testcase classname="org.testNGAssignments.OrangeHRMTestCase" name="testPIMUpdate" time="14.074"/>
  <system-out/>
  <testcase classname="org.testNGAssignments.OrangeHRMTestCase" name="testPIMDelete" time="6.863"/>
  <system-out/>
</testsuite> <!-- org.testNGAssignments.OrangeHRMTestCase -->
