<?xml version="1.0" encoding="UTF-8"?>
<!-- Generated by org.testng.reporters.JUnitReportReporter -->
<testsuite hostname="DESKTOP-DE53235" failures="0" tests="3" name="org18.validationInTestNG.Example2" time="24.074" errors="0" timestamp="2024-12-23T09:59:41 IST" skipped="0">
  <testcase classname="org18.validationInTestNG.Example2" name="testActiTimeCheckBox" time="19.878"/>
  <system-out/>
  <testcase classname="org18.validationInTestNG.Example2" name="testActiTimeUsernameField" time="0.102"/>
  <system-out/>
  <testcase classname="org18.validationInTestNG.Example2" name="testActiTimeLoginWithAssert2" time="4.094"/>
  <system-out/>
</testsuite> <!-- org18.validationInTestNG.Example2 -->
