<?xml version="1.0" encoding="UTF-8"?>
<!-- Generated by org.testng.reporters.JUnitReportReporter -->
<testsuite hostname="DESKTOP-DE53235" failures="0" tests="3" name="org03.runner.TestRunner" time="26.491" errors="0" timestamp="2025-01-12T17:18:40 IST" skipped="0">
  <testcase classname="org03.runner.TestRunner" name="runScenario" time="7.753"/>
  <system-out/>
  <testcase classname="org03.runner.TestRunner" name="runScenario" time="10.820"/>
  <system-out/>
  <testcase classname="org03.runner.TestRunner" name="runScenario" time="7.918"/>
  <system-out/>
</testsuite> <!-- org03.runner.TestRunner -->
